<?xml version="1.0" encoding="UTF-8"?>
<!-- Generated by org.testng.reporters.JUnitXMLReporter -->
<testsuite hostname="QT-INNO-LT0204" failures="3" tests="3" name="Phone Price Comparison" time="11.979" errors="0" timestamp="17 Apr 2021 15:06:04 GMT">
  <testcase classname="com.classplus.assignment.price_comparison.suites.PhonePriceTest" name="TC01_fetchPhonePriceAmazon" time="6.1">
    <failure type="java.lang.AssertionError" message="[TEST FAILED]: Product &amp;apos;iPhone XR 64GB  Yellow&amp;apos; is not displayed 
 expected [true] but found [false]">
      <![CDATA[java.lang.AssertionError: [TEST FAILED]: Product 'iPhone XR 64GB  Yellow' is not displayed 
 expected [true] but found [false]
	at com.classplus.assignment.price_comparison.pages.PhoneComparisonKeyword.fetchPhonePriceAmazon(PhoneComparisonKeyword.java:54)
	at com.classplus.assignment.price_comparison.suites.PhonePriceTest.TC01_fetchPhonePriceAmazon(PhonePriceTest.java:19)
... Removed 27 stack frames]]>
    </failure>
  </testcase> <!-- TC01_fetchPhonePriceAmazon -->
  <testcase classname="com.classplus.assignment.price_comparison.suites.PhonePriceTest" name="TC02_fetchPhonePriceFlipkart" time="3.334">
    <failure type="java.lang.AssertionError" message="[TEST FAILED]: Product &amp;apos;iPhone XR 64GB  Yellow&amp;apos; is not displayed 
 expected [true] but found [false]">
      <![CDATA[java.lang.AssertionError: [TEST FAILED]: Product 'iPhone XR 64GB  Yellow' is not displayed 
 expected [true] but found [false]
	at com.classplus.assignment.price_comparison.pages.PhoneComparisonKeyword.fetchPhonePriceFlipkart(PhoneComparisonKeyword.java:100)
	at com.classplus.assignment.price_comparison.suites.PhonePriceTest.TC02_fetchPhonePriceFlipkart(PhonePriceTest.java:25)
... Removed 27 stack frames]]>
    </failure>
  </testcase> <!-- TC02_fetchPhonePriceFlipkart -->
  <testcase classname="com.classplus.assignment.price_comparison.suites.PhonePriceTest" name="TC03_comparePrices" time="0.001">
    <failure type="java.lang.AssertionError" message="[TEST FAILED]: Product is displayed neither on Amazon nor on Flipkart 
 expected [false] but found [true]">
      <![CDATA[java.lang.AssertionError: [TEST FAILED]: Product is displayed neither on Amazon nor on Flipkart 
 expected [false] but found [true]
	at com.classplus.assignment.price_comparison.pages.PhoneComparisonKeyword.comparePrices(PhoneComparisonKeyword.java:123)
	at com.classplus.assignment.price_comparison.suites.PhonePriceTest.TC03_comparePrices(PhonePriceTest.java:30)
... Removed 27 stack frames]]>
    </failure>
  </testcase> <!-- TC03_comparePrices -->
</testsuite> <!-- Phone Price Comparison -->
